[08/19/24 07:10:48:510][995288][A]:(00000004): AgoraService::createRtcConnection(this:0x7feebc0151b0, cfg:(autoSubscribeAudio:0, autoSubscribeVideo:0, enableAudioRecordingOrPlayout:1,maxSendBitrate:-1, minPort:0, maxPort:0, audioSubscriptionOptions:(bytesPerSample:2, numberOfChannels:0, sampleRateHz:0), clientRoleType:1), connId:0)
[08/19/24 07:10:48:510][995288][A]:(00000005):   RtcConnectionImpl::initializeEx(this:0x5592f36d8960, serviceCfg:(enableAudioProcessor:1, enableAudioDevice:0, enableVideo:1, context:0), cfg:(autoSubscribeAudio:0, autoSubscribeVideo:0, enableAudioRecordingOrPlayout:0, maxSendBitrate:-1, minPort:0, maxPort:0, audioSubscriptionOptions:(bytesPerSample:2, numberOfChannels:0, sampleRateHz:0), clientRoleType:2, clientType:0, channelProfile:1, vosList.size:0, recvType:(audio: 0, video: 0)))
[08/19/24 07:10:48:514][995290][A]:(00000006): LegacyEventProxy::onClientRoleChanged->onChangeRoleSuccess(this:0x5592f36d7670, oldRole:2, newRole:1)
[08/19/24 07:10:48:515][995290][A]:(00000007): RtcConnectionImpl::getUserRole(this:0x5592f36d8960, void)
[08/19/24 07:10:48:516][995290][A]:(00000008): RtcConnectionImpl::subscribeReceivePacketHandler(this:0x5592f36d8960, void)
[08/19/24 07:10:48:516][995288][A]:(00000009): RtcConnectionImpl::registerObserver(this:0x5592f36d8960, observer:0x5592f36d8180)
[08/19/24 07:10:48:516][995288][A]:(00000010): LocalUserImpl::registerLocalUserObserver(this:0x7feebc0c91a0, observer:0x5592f36d9ae0)
[08/19/24 07:10:48:516][995288][A]:(00000011): RtcConnectionImpl::connect(this:0x5592f36d8960, token:"Y****N", channelId:"demo_channel", userId:"")
[08/19/24 07:10:48:517][995288][A]:(00000012): AgoraService::createMediaNodeFactory(this:0x7feebc0151b0, void)
[08/19/24 07:10:48:517][995290][A]:(00000013): RtcConnectionImpl::stopLastmileProbeTest(this:0x5592f36d8960, void)
[08/19/24 07:10:48:517][995288][A]:(00000014): MediaNodeFactoryImpl::createAudioPcmDataSender(this:0x7feebc027a80, void)
[08/19/24 07:10:48:517][995288][A]:(00000015): AgoraService::createCustomAudioTrack(this:0x7feebc0151b0, audioSource:0x5592f36da0c0)
[08/19/24 07:10:48:517][995288][A]:(00000016):   LocalAudioTrackImpl::addAudioFilter(this:0x5592f36d1f60, filter: 0x5592f36da400, name: post_audio_processing, position: 1)
[08/19/24 07:10:48:520][995290][A]:(00000017): RtcConnectionImpl::setConnectionState(this:0x5592f36d8960, state: 2)
[08/19/24 07:10:48:520][995290][A]:(00000018): LegacyEventProxy::onConnectionStateChanged->onConnecting(this:0x5592f36d7670, channel:"demo_channel", userId:"", reason:0)
[08/19/24 07:10:48:520][995290][A]:(00000019): IAudioFilterComposite::addAudioFilter(this:0x5592f36da2f0, filter: 0x5592f36da400)
[08/19/24 07:10:48:521][995288][A]:(00000020): MediaNodeFactoryImpl::createVideoEncodedImageSender(this:0x7feebc027a80, void)
[08/19/24 07:10:48:521][995288][A]:(00000021): AgoraService::createCustomVideoTrack(this:0x7feebc0151b0, videoSource:0x5592f36daac0, ccMode:0, codec:2)
[08/19/24 07:10:48:525][995288][A]:(00000022):   VideoFrameAdapter::setOutputFormat(this:0x7feebc112c90, format:(width:640, height:360, fps:15))
[08/19/24 07:10:48:538][995288][A]:(00000023):   VideoFrameAdapter::setOutputFormat(this:0x7feebc112c90, format:(width:640, height:360, fps:15))
[08/19/24 07:10:48:538][995288][A]:(00000024): LocalUserImpl::publishAudio(this:0x7feebc0c91a0, audioTrack:0x5592f36d1f60)
[08/19/24 07:10:48:541][995290][A]:(00000025): RtcConnectionImpl::muteLocalAudio(this:0x5592f36d8960, mute:0)
[08/19/24 07:10:48:541][995290][A]:(00000026): LocalAudioTrackImpl::attach(this:0x5592f36d1f60, sourceId: 3147431818)
[08/19/24 07:10:48:542][995288][A]:(00000027): LocalUserImpl::publishVideo(this:0x7feebc0c91a0, videoTrack:0x5592f36dad80)
[08/19/24 07:10:48:544][995290][A]:(00000028): VideoFrameAdapter::setOutputFormat(this:0x7feebc112c90, format:(width:640, height:360, fps:15))
[08/19/24 07:10:48:544][995290][A]:(00000029): RtcConnectionImpl::muteLocalVideo(this:0x5592f36d8960, mute:0)
[08/19/24 07:10:48:675][995290][A]:(00000030): LegacyEventProxy::onRequestToken->onTokenPrivilegeDidExpire(this:0x5592f36d7670, void)
[08/19/24 07:10:48:675][995290][A]:(00000031): RtcConnectionImpl::setConnectionState(this:0x5592f36d8960, state: 5)
[08/19/24 07:10:48:675][995290][A]:(00000032): LegacyEventProxy::onConnectionStateChanged->onConnectionFailure(this:0x5592f36d7670, channel:"demo_channel", userId:"", reason:8)
[08/19/24 07:10:51:545][995288][A]:(00000033): LocalUserImpl::unpublishAudio(this:0x7feebc0c91a0, audioTrack:0x5592f36d1f60)
[08/19/24 07:10:51:546][995290][A]:(00000034): LocalAudioTrackImpl::detach(this:0x5592f36d1f60, reason: 0)
[08/19/24 07:10:51:546][995290][A]:(00000035): RtcConnectionImpl::muteLocalAudio(this:0x5592f36d8960, mute:1)
[08/19/24 07:10:51:547][995288][A]:(00000036): LocalUserImpl::unpublishVideo(this:0x7feebc0c91a0, videoTrack:0x5592f36dad80)
[08/19/24 07:10:51:547][995290][A]:(00000037): RtcConnectionImpl::muteLocalVideo(this:0x5592f36d8960, mute:1)
[08/19/24 07:10:51:547][995288][A]:(00000038): RtcConnectionImpl::unregisterObserver(this:0x5592f36d8960, observer:0x5592f36d8180)
[08/19/24 07:10:51:547][995288][A]:(00000039): RtcConnectionImpl::unregisterNetworkObserver(this:0x5592f36d8960, observer:0x5592f36d8188)
[08/19/24 07:10:51:547][995288][A]:(00000040): RtcConnectionImpl::disconnect(this:0x5592f36d8960, void)
[08/19/24 07:10:51:549][995290][A]:(00000041): RtcConnectionImpl::setConnectionState(this:0x5592f36d8960, state: 1)
[08/19/24 07:10:51:549][995290][A]:(00000042): LegacyEventProxy::onConnectionStateChanged->onDisconnected(this:0x5592f36d7670, channel:"demo_channel", userId:"", reason:5)
[08/19/24 07:10:51:550][995288][A]:(00000043): LocalUserImpl::unregisterLocalUserObserver(this:0x7feebc0c91a0, observer:0x5592f36d9ae0)
[08/19/24 07:10:51:550][995290][A]:(00000044): LocalVideoTrackImpl::setEnabled(this:0x5592f36dad80, enable:0)
[08/19/24 07:10:51:550][995290][A]:(00000045): LocalVideoTrackImpl::enableSimulcastStream(this:0x5592f36dad80, enabled:0, config:(dimensions:(width:160, height:120), bitrate:65))
[08/19/24 07:10:51:550][995290][A]:(00000046): RtcConnectionImpl::unsubscribeReceivePacketHandler(this:0x5592f36d8960, void)
[08/19/24 07:10:51:551][995290][A]:(00000047): LocalAudioTrackPcmImpl::enableLocalPlayback(this:0x5592f36d1f60, enable:0)
[08/19/24 07:10:51:551][995290][A]:(00000048): IAudioFilterComposite::removeAllAudioFilters(this:0x5592f36da2f0, void)
[08/19/24 07:10:51:551][995290][A]:(00000049): IAudioFilterComposite::removeAllAudioFilters(this:0x7feebc077520, void)
[08/19/24 07:10:51:551][995290][A]:(00000050): IAudioFilterComposite::removeAllAudioFilters(this:0x7feebc10b650, void)
[08/19/24 07:10:51:551][995290][A]:(00000051): IAudioFilterComposite::removeAllAudioFilters(this:0x7feebc12f030, void)
[08/19/24 07:10:51:551][995290][A]:(00000052): IAudioFilterComposite::removeAllAudioFilters(this:0x7feebc0d51c0, void)
[08/19/24 07:10:51:551][995290][A]:(00000053): IAudioFilterComposite::removeAllAudioFilters(this:0x7feebc0d1420, void)
[08/19/24 07:10:51:551][995290][A]:(00000054): RtcConnectionImpl::stopService(this:0x5592f36d8960, waitForAll:0)
[08/19/24 07:10:51:552][995288][A]:(00000055): AgoraService::release(this:0x7feebc0151b0, void)
[08/19/24 07:10:51:552][995290][A]:(00000056): IAudioFilterComposite::removeAllAudioFilters(this:0x7feebc088c90, void)
[08/19/24 07:10:51:552][995290][A]:(00000057): IAudioFilterComposite::removeAllAudioFilters(this:0x7feebc0814c0, void)
[08/19/24 07:10:51:553][995290][A]:(00000058): AgoraService::~AgoraService(this:0x7feebc0151b0, void)
[08/19/24 07:11:08:695][995418][A]:(00000004): AgoraService::createRtcConnection(this:0x7feba40151f0, cfg:(autoSubscribeAudio:0, autoSubscribeVideo:0, enableAudioRecordingOrPlayout:1,maxSendBitrate:-1, minPort:0, maxPort:0, audioSubscriptionOptions:(bytesPerSample:2, numberOfChannels:0, sampleRateHz:0), clientRoleType:1), connId:0)
[08/19/24 07:11:08:695][995418][A]:(00000005):   RtcConnectionImpl::initializeEx(this:0x558c2c0575b0, serviceCfg:(enableAudioProcessor:1, enableAudioDevice:0, enableVideo:1, context:0), cfg:(autoSubscribeAudio:0, autoSubscribeVideo:0, enableAudioRecordingOrPlayout:0, maxSendBitrate:-1, minPort:0, maxPort:0, audioSubscriptionOptions:(bytesPerSample:2, numberOfChannels:0, sampleRateHz:0), clientRoleType:2, clientType:0, channelProfile:1, vosList.size:0, recvType:(audio: 0, video: 0)))
[08/19/24 07:11:08:700][995420][A]:(00000006): LegacyEventProxy::onClientRoleChanged->onChangeRoleSuccess(this:0x558c2c0562c0, oldRole:2, newRole:1)
[08/19/24 07:11:08:700][995420][A]:(00000007): RtcConnectionImpl::getUserRole(this:0x558c2c0575b0, void)
[08/19/24 07:11:08:701][995420][A]:(00000008): RtcConnectionImpl::subscribeReceivePacketHandler(this:0x558c2c0575b0, void)
[08/19/24 07:11:08:702][995418][A]:(00000009): RtcConnectionImpl::registerObserver(this:0x558c2c0575b0, observer:0x558c2c056dd0)
[08/19/24 07:11:08:702][995418][A]:(00000010): LocalUserImpl::registerLocalUserObserver(this:0x7feba40c05b0, observer:0x558c2c058c60)
[08/19/24 07:11:08:702][995418][A]:(00000011): RtcConnectionImpl::connect(this:0x558c2c0575b0, token:"Y****N", channelId:"demo_channel", userId:"")
[08/19/24 07:11:08:703][995418][A]:(00000012): AgoraService::createMediaNodeFactory(this:0x7feba40151f0, void)
[08/19/24 07:11:08:703][995420][A]:(00000013): RtcConnectionImpl::stopLastmileProbeTest(this:0x558c2c0575b0, void)
[08/19/24 07:11:08:703][995418][A]:(00000014): MediaNodeFactoryImpl::createAudioPcmDataSender(this:0x7feba4027b00, void)
[08/19/24 07:11:08:703][995418][A]:(00000015): AgoraService::createCustomAudioTrack(this:0x7feba40151f0, audioSource:0x558c2c0591a0)
[08/19/24 07:11:08:703][995418][A]:(00000016):   LocalAudioTrackImpl::addAudioFilter(this:0x558c2c050f60, filter: 0x558c2c0594e0, name: post_audio_processing, position: 1)
[08/19/24 07:11:08:706][995420][A]:(00000017): RtcConnectionImpl::setConnectionState(this:0x558c2c0575b0, state: 2)
[08/19/24 07:11:08:706][995420][A]:(00000018): LegacyEventProxy::onConnectionStateChanged->onConnecting(this:0x558c2c0562c0, channel:"demo_channel", userId:"", reason:0)
[08/19/24 07:11:08:707][995420][A]:(00000019): IAudioFilterComposite::addAudioFilter(this:0x558c2c0593d0, filter: 0x558c2c0594e0)
[08/19/24 07:11:08:708][995418][A]:(00000020): MediaNodeFactoryImpl::createVideoEncodedImageSender(this:0x7feba4027b00, void)
[08/19/24 07:11:08:708][995418][A]:(00000021): AgoraService::createCustomVideoTrack(this:0x7feba40151f0, videoSource:0x558c2c059ab0, ccMode:0, codec:2)
[08/19/24 07:11:08:711][995418][A]:(00000022):   VideoFrameAdapter::setOutputFormat(this:0x7feba40528f0, format:(width:640, height:360, fps:15))
[08/19/24 07:11:08:713][995418][A]:(00000023):   VideoFrameAdapter::setOutputFormat(this:0x7feba40528f0, format:(width:640, height:360, fps:15))
[08/19/24 07:11:08:713][995418][A]:(00000024): LocalUserImpl::publishAudio(this:0x7feba40c05b0, audioTrack:0x558c2c050f60)
[08/19/24 07:11:08:716][995420][A]:(00000025): RtcConnectionImpl::muteLocalAudio(this:0x558c2c0575b0, mute:0)
[08/19/24 07:11:08:716][995420][A]:(00000026): LocalAudioTrackImpl::attach(this:0x558c2c050f60, sourceId: 3147431818)
[08/19/24 07:11:08:717][995418][A]:(00000027): LocalUserImpl::publishVideo(this:0x7feba40c05b0, videoTrack:0x558c2c059d70)
[08/19/24 07:11:08:719][995420][A]:(00000028): VideoFrameAdapter::setOutputFormat(this:0x7feba40528f0, format:(width:640, height:360, fps:15))
[08/19/24 07:11:08:719][995420][A]:(00000029): RtcConnectionImpl::muteLocalVideo(this:0x558c2c0575b0, mute:0)
[08/19/24 07:11:08:814][995420][A]:(00000030): LegacyEventProxy::onRequestToken->onTokenPrivilegeDidExpire(this:0x558c2c0562c0, void)
[08/19/24 07:11:08:814][995420][A]:(00000031): RtcConnectionImpl::setConnectionState(this:0x558c2c0575b0, state: 5)
[08/19/24 07:11:08:814][995420][A]:(00000032): LegacyEventProxy::onConnectionStateChanged->onConnectionFailure(this:0x558c2c0562c0, channel:"demo_channel", userId:"", reason:8)
[08/19/24 07:11:08:853][995420][A]:(00000033): LegacyEventProxy::onRequestToken->onTokenPrivilegeDidExpire(this:0x558c2c0562c0, void)
[08/19/24 07:11:08:944][995420][A]:(00000034): LegacyEventProxy::onRequestToken->onTokenPrivilegeDidExpire(this:0x558c2c0562c0, void)
[08/19/24 07:11:11:720][995418][A]:(00000035): LocalUserImpl::unpublishAudio(this:0x7feba40c05b0, audioTrack:0x558c2c050f60)
[08/19/24 07:11:11:721][995420][A]:(00000036): LocalAudioTrackImpl::detach(this:0x558c2c050f60, reason: 0)
[08/19/24 07:11:11:721][995420][A]:(00000037): RtcConnectionImpl::muteLocalAudio(this:0x558c2c0575b0, mute:1)
[08/19/24 07:11:11:721][995418][A]:(00000038): LocalUserImpl::unpublishVideo(this:0x7feba40c05b0, videoTrack:0x558c2c059d70)
[08/19/24 07:11:11:722][995420][A]:(00000039): RtcConnectionImpl::muteLocalVideo(this:0x558c2c0575b0, mute:1)
[08/19/24 07:11:11:722][995418][A]:(00000040): RtcConnectionImpl::unregisterObserver(this:0x558c2c0575b0, observer:0x558c2c056dd0)
[08/19/24 07:11:11:722][995418][A]:(00000041): RtcConnectionImpl::unregisterNetworkObserver(this:0x558c2c0575b0, observer:0x558c2c056dd8)
[08/19/24 07:11:11:722][995418][A]:(00000042): RtcConnectionImpl::disconnect(this:0x558c2c0575b0, void)
[08/19/24 07:11:11:724][995420][A]:(00000043): RtcConnectionImpl::setConnectionState(this:0x558c2c0575b0, state: 1)
[08/19/24 07:11:11:724][995420][A]:(00000044): LegacyEventProxy::onConnectionStateChanged->onDisconnected(this:0x558c2c0562c0, channel:"demo_channel", userId:"", reason:5)
[08/19/24 07:11:11:725][995418][A]:(00000045): LocalUserImpl::unregisterLocalUserObserver(this:0x7feba40c05b0, observer:0x558c2c058c60)
[08/19/24 07:11:11:725][995420][A]:(00000046): LocalVideoTrackImpl::setEnabled(this:0x558c2c059d70, enable:0)
[08/19/24 07:11:11:725][995420][A]:(00000047): LocalVideoTrackImpl::enableSimulcastStream(this:0x558c2c059d70, enabled:0, config:(dimensions:(width:160, height:120), bitrate:65))
[08/19/24 07:11:11:725][995420][A]:(00000048): RtcConnectionImpl::unsubscribeReceivePacketHandler(this:0x558c2c0575b0, void)
[08/19/24 07:11:11:726][995420][A]:(00000049): LocalAudioTrackPcmImpl::enableLocalPlayback(this:0x558c2c050f60, enable:0)
[08/19/24 07:11:11:726][995420][A]:(00000050): IAudioFilterComposite::removeAllAudioFilters(this:0x558c2c0593d0, void)
[08/19/24 07:11:11:726][995420][A]:(00000051): IAudioFilterComposite::removeAllAudioFilters(this:0x7feba4078190, void)
[08/19/24 07:11:11:726][995420][A]:(00000052): IAudioFilterComposite::removeAllAudioFilters(this:0x7feba410ddf0, void)
[08/19/24 07:11:11:726][995420][A]:(00000053): IAudioFilterComposite::removeAllAudioFilters(this:0x7feba412c2c0, void)
[08/19/24 07:11:11:726][995420][A]:(00000054): IAudioFilterComposite::removeAllAudioFilters(this:0x7feba40d1ab0, void)
[08/19/24 07:11:11:726][995420][A]:(00000055): IAudioFilterComposite::removeAllAudioFilters(this:0x7feba404c3e0, void)
[08/19/24 07:11:11:726][995420][A]:(00000056): RtcConnectionImpl::stopService(this:0x558c2c0575b0, waitForAll:0)
[08/19/24 07:11:11:726][995418][A]:(00000057): AgoraService::release(this:0x7feba40151f0, void)
[08/19/24 07:11:11:727][995420][A]:(00000058): IAudioFilterComposite::removeAllAudioFilters(this:0x7feba40871c0, void)
[08/19/24 07:11:11:727][995420][A]:(00000059): IAudioFilterComposite::removeAllAudioFilters(this:0x7feba407f800, void)
[08/19/24 07:11:11:728][995420][A]:(00000060): AgoraService::~AgoraService(this:0x7feba40151f0, void)
[08/19/24 07:12:39:956][995584][A]:(00000004): AgoraService::createRtcConnection(this:0x7f801c0151b0, cfg:(autoSubscribeAudio:0, autoSubscribeVideo:0, enableAudioRecordingOrPlayout:1,maxSendBitrate:-1, minPort:0, maxPort:0, audioSubscriptionOptions:(bytesPerSample:2, numberOfChannels:0, sampleRateHz:0), clientRoleType:1), connId:0)
[08/19/24 07:12:39:956][995584][A]:(00000005):   RtcConnectionImpl::initializeEx(this:0x55f2920e5a00, serviceCfg:(enableAudioProcessor:1, enableAudioDevice:0, enableVideo:1, context:0), cfg:(autoSubscribeAudio:0, autoSubscribeVideo:0, enableAudioRecordingOrPlayout:0, maxSendBitrate:-1, minPort:0, maxPort:0, audioSubscriptionOptions:(bytesPerSample:2, numberOfChannels:0, sampleRateHz:0), clientRoleType:2, clientType:0, channelProfile:1, vosList.size:0, recvType:(audio: 0, video: 0)))
[08/19/24 07:12:39:961][995586][A]:(00000006): LegacyEventProxy::onClientRoleChanged->onChangeRoleSuccess(this:0x55f2920e4670, oldRole:2, newRole:1)
[08/19/24 07:12:39:962][995586][A]:(00000007): RtcConnectionImpl::getUserRole(this:0x55f2920e5a00, void)
[08/19/24 07:12:39:963][995586][A]:(00000008): RtcConnectionImpl::subscribeReceivePacketHandler(this:0x55f2920e5a00, void)
[08/19/24 07:12:39:964][995584][A]:(00000009): RtcConnectionImpl::registerObserver(this:0x55f2920e5a00, observer:0x55f2920e5220)
[08/19/24 07:12:39:964][995584][A]:(00000010): LocalUserImpl::registerLocalUserObserver(this:0x7f801c0cb2f0, observer:0x55f2920e6b80)
[08/19/24 07:12:39:964][995584][A]:(00000011): RtcConnectionImpl::connect(this:0x55f2920e5a00, token:"0****r", channelId:"demo_channel", userId:"")
[08/19/24 07:12:39:965][995586][A]:(00000013): RtcConnectionImpl::stopLastmileProbeTest(this:0x55f2920e5a00, void)
[08/19/24 07:12:39:965][995584][A]:(00000012): AgoraService::createMediaNodeFactory(this:0x7f801c0151b0, void)
[08/19/24 07:12:39:965][995584][A]:(00000014): MediaNodeFactoryImpl::createAudioPcmDataSender(this:0x7f801c027b00, void)
[08/19/24 07:12:39:965][995584][A]:(00000015): AgoraService::createCustomAudioTrack(this:0x7f801c0151b0, audioSource:0x55f2920e71d0)
[08/19/24 07:12:39:965][995584][A]:(00000016):   LocalAudioTrackImpl::addAudioFilter(this:0x55f2920def60, filter: 0x55f2920e7510, name: post_audio_processing, position: 1)
[08/19/24 07:12:39:968][995586][A]:(00000017): RtcConnectionImpl::setConnectionState(this:0x55f2920e5a00, state: 2)
[08/19/24 07:12:39:968][995586][A]:(00000018): LegacyEventProxy::onConnectionStateChanged->onConnecting(this:0x55f2920e4670, channel:"demo_channel", userId:"", reason:0)
[08/19/24 07:12:39:968][995586][A]:(00000019): IAudioFilterComposite::addAudioFilter(this:0x55f2920e7400, filter: 0x55f2920e7510)
[08/19/24 07:12:39:971][995584][A]:(00000020): MediaNodeFactoryImpl::createVideoEncodedImageSender(this:0x7f801c027b00, void)
[08/19/24 07:12:39:971][995584][A]:(00000021): AgoraService::createCustomVideoTrack(this:0x7f801c0151b0, videoSource:0x55f2920e7ae0, ccMode:0, codec:2)
[08/19/24 07:12:39:974][995584][A]:(00000022):   VideoFrameAdapter::setOutputFormat(this:0x7f801c059ff0, format:(width:640, height:360, fps:15))
[08/19/24 07:12:39:977][995584][A]:(00000023):   VideoFrameAdapter::setOutputFormat(this:0x7f801c059ff0, format:(width:640, height:360, fps:15))
[08/19/24 07:12:39:977][995584][A]:(00000024): LocalUserImpl::publishAudio(this:0x7f801c0cb2f0, audioTrack:0x55f2920def60)
[08/19/24 07:12:39:979][995586][A]:(00000025): RtcConnectionImpl::muteLocalAudio(this:0x55f2920e5a00, mute:0)
[08/19/24 07:12:39:979][995586][A]:(00000026): LocalAudioTrackImpl::attach(this:0x55f2920def60, sourceId: 3147431818)
[08/19/24 07:12:39:979][995584][A]:(00000027): LocalUserImpl::publishVideo(this:0x7f801c0cb2f0, videoTrack:0x55f2920e7da0)
[08/19/24 07:12:39:982][995586][A]:(00000028): VideoFrameAdapter::setOutputFormat(this:0x7f801c059ff0, format:(width:640, height:360, fps:15))
[08/19/24 07:12:39:982][995586][A]:(00000029): RtcConnectionImpl::muteLocalVideo(this:0x55f2920e5a00, mute:0)
[08/19/24 07:12:40:539][995586][A]:(00000030): RtcConnectionImpl::setConnectionState(this:0x55f2920e5a00, state: 3)
[08/19/24 07:12:40:539][995586][A]:(00000031): LegacyEventProxy::onJoinChannelSuccess->onConnected(this:0x55f2920e4670, channel:"demo_channel", uid:"3336179837", elapsed:575)
[08/19/24 07:12:40:539][995586][A]:(00000032):   RtcConnectionImpl::getUserInfoByUid(this:0x55f2920e5a00, uid:3336179837)
[08/19/24 07:12:40:539][995586][A]:(00000033):   RtcConnectionImpl::setLocalUserId(this:0x55f2920e5a00, userId:"3336179837")
[08/19/24 07:12:40:540][995605][A]:(00000034): AudioPcmDataSenderImpl::sendAudioPcmData(this:0x55f2920e71d0, audio_data:0x7f7fdf7fdc70, capture_timestamp:0, samples_per_channel:160, bytes_per_sample:2, number_of_channels:1, sample_rate:16000)
[08/19/24 07:12:40:550][995605][A]:(00000035): AudioPcmDataSenderImpl::sendAudioPcmData(this:0x55f2920e71d0, audio_data:0x7f7fdf7fdc70, capture_timestamp:0, samples_per_channel:160, bytes_per_sample:2, number_of_channels:1, sample_rate:16000)
[08/19/24 07:12:40:560][995605][A]:(00000036): AudioPcmDataSenderImpl::sendAudioPcmData(this:0x55f2920e71d0, ... (ignore to avoid too many logs))
[08/19/24 07:12:40:813][995586][A]:(00000037): AudioStreamManager::PollTrackInfoAndNotify->onLocalAudioTrackStateChanged(this:0x7f801c0e6f70, track:0x55f2920def60, state:2, error:0)
[08/19/24 07:13:47:179][995584][A]:(00000038): LocalUserImpl::unpublishAudio(this:0x7f801c0cb2f0, audioTrack:0x55f2920def60)
[08/19/24 07:13:47:180][995586][A]:(00000039): LocalAudioTrackImpl::detach(this:0x55f2920def60, reason: 0)
[08/19/24 07:13:47:180][995586][A]:(00000040): RtcConnectionImpl::muteLocalAudio(this:0x55f2920e5a00, mute:1)
[08/19/24 07:13:47:181][995584][A]:(00000041): LocalUserImpl::unpublishVideo(this:0x7f801c0cb2f0, videoTrack:0x55f2920e7da0)
[08/19/24 07:13:47:182][995586][A]:(00000042): RtcConnectionImpl::muteLocalVideo(this:0x55f2920e5a00, mute:1)
[08/19/24 07:13:47:182][995584][A]:(00000043): RtcConnectionImpl::unregisterObserver(this:0x55f2920e5a00, observer:0x55f2920e5220)
[08/19/24 07:13:47:182][995584][A]:(00000044): RtcConnectionImpl::unregisterNetworkObserver(this:0x55f2920e5a00, observer:0x55f2920e5228)
[08/19/24 07:13:47:182][995584][A]:(00000045): RtcConnectionImpl::disconnect(this:0x55f2920e5a00, void)
[08/19/24 07:13:47:184][995586][A]:(00000046): RtcConnectionImpl::setConnectionState(this:0x55f2920e5a00, state: 1)
[08/19/24 07:13:47:184][995586][A]:(00000047): LegacyEventProxy::onConnectionStateChanged->onDisconnected(this:0x55f2920e4670, channel:"demo_channel", userId:"3336179837", reason:5)
[08/19/24 07:13:47:185][995584][A]:(00000048): LocalUserImpl::unregisterLocalUserObserver(this:0x7f801c0cb2f0, observer:0x55f2920e6b80)
[08/19/24 07:13:47:186][995586][A]:(00000049): LocalVideoTrackImpl::setEnabled(this:0x55f2920e7da0, enable:0)
[08/19/24 07:13:47:186][995586][A]:(00000050): LocalVideoTrackImpl::enableSimulcastStream(this:0x55f2920e7da0, enabled:0, config:(dimensions:(width:160, height:120), bitrate:65))
[08/19/24 07:13:47:186][995586][A]:(00000051): RtcConnectionImpl::unsubscribeReceivePacketHandler(this:0x55f2920e5a00, void)
[08/19/24 07:13:47:187][995586][A]:(00000052): LocalAudioTrackPcmImpl::enableLocalPlayback(this:0x55f2920def60, enable:0)
[08/19/24 07:13:47:187][995586][A]:(00000053): IAudioFilterComposite::removeAllAudioFilters(this:0x55f2920e7400, void)
[08/19/24 07:13:47:187][995586][A]:(00000054): IAudioFilterComposite::removeAllAudioFilters(this:0x7f801c10e980, void)
[08/19/24 07:13:47:187][995586][A]:(00000055): IAudioFilterComposite::removeAllAudioFilters(this:0x7f801c1189a0, void)
[08/19/24 07:13:47:187][995586][A]:(00000056): IAudioFilterComposite::removeAllAudioFilters(this:0x7f801c06ea60, void)
[08/19/24 07:13:47:187][995586][A]:(00000057): IAudioFilterComposite::removeAllAudioFilters(this:0x7f801c0d72e0, void)
[08/19/24 07:13:47:187][995586][A]:(00000058): IAudioFilterComposite::removeAllAudioFilters(this:0x7f801c0d3560, void)
[08/19/24 07:13:47:187][995586][A]:(00000059): RtcConnectionImpl::stopService(this:0x55f2920e5a00, waitForAll:0)
[08/19/24 07:13:47:187][995584][A]:(00000060): AgoraService::release(this:0x7f801c0151b0, void)
[08/19/24 07:13:47:188][995586][A]:(00000061): IAudioFilterComposite::removeAllAudioFilters(this:0x7f801c08a700, void)
[08/19/24 07:13:47:188][995586][A]:(00000062): IAudioFilterComposite::removeAllAudioFilters(this:0x7f801c082f50, void)
[08/19/24 07:13:47:189][995586][A]:(00000063): AgoraService::~AgoraService(this:0x7f801c0151b0, void)
[08/19/24 09:34:46:109][999812][A]:(00000004): AgoraService::createRtcConnection(this:0x7f83c80151f0, cfg:(autoSubscribeAudio:0, autoSubscribeVideo:0, enableAudioRecordingOrPlayout:1,maxSendBitrate:-1, minPort:0, maxPort:0, audioSubscriptionOptions:(bytesPerSample:2, numberOfChannels:0, sampleRateHz:0), clientRoleType:1), connId:0)
[08/19/24 09:34:46:109][999812][A]:(00000005):   RtcConnectionImpl::initializeEx(this:0x55d08512da60, serviceCfg:(enableAudioProcessor:1, enableAudioDevice:0, enableVideo:1, context:0), cfg:(autoSubscribeAudio:0, autoSubscribeVideo:0, enableAudioRecordingOrPlayout:0, maxSendBitrate:-1, minPort:0, maxPort:0, audioSubscriptionOptions:(bytesPerSample:2, numberOfChannels:0, sampleRateHz:0), clientRoleType:2, clientType:0, channelProfile:1, vosList.size:0, recvType:(audio: 0, video: 0)))
[08/19/24 09:34:46:114][999814][A]:(00000006): LegacyEventProxy::onClientRoleChanged->onChangeRoleSuccess(this:0x55d08512c6d0, oldRole:2, newRole:1)
[08/19/24 09:34:46:115][999814][A]:(00000007): RtcConnectionImpl::getUserRole(this:0x55d08512da60, void)
[08/19/24 09:34:46:116][999814][A]:(00000008): RtcConnectionImpl::subscribeReceivePacketHandler(this:0x55d08512da60, void)
[08/19/24 09:34:46:117][999812][A]:(00000009): RtcConnectionImpl::registerObserver(this:0x55d08512da60, observer:0x55d08512d280)
[08/19/24 09:34:46:117][999812][A]:(00000010): LocalUserImpl::registerLocalUserObserver(this:0x7f83c80cb180, observer:0x55d08512ebe0)
[08/19/24 09:34:46:117][999812][A]:(00000011): RtcConnectionImpl::connect(this:0x55d08512da60, token:"0****r", channelId:"demo_channel", userId:"")
[08/19/24 09:34:46:118][999812][A]:(00000012): AgoraService::createMediaNodeFactory(this:0x7f83c80151f0, void)
[08/19/24 09:34:46:118][999814][A]:(00000013): RtcConnectionImpl::stopLastmileProbeTest(this:0x55d08512da60, void)
[08/19/24 09:34:46:118][999812][A]:(00000014): MediaNodeFactoryImpl::createAudioPcmDataSender(this:0x7f83c8027b00, void)
[08/19/24 09:34:46:118][999812][A]:(00000015): AgoraService::createCustomAudioTrack(this:0x7f83c80151f0, audioSource:0x55d08512f230)
[08/19/24 09:34:46:118][999812][A]:(00000016):   LocalAudioTrackImpl::addAudioFilter(this:0x55d085126f60, filter: 0x55d08512f570, name: post_audio_processing, position: 1)
[08/19/24 09:34:46:120][999814][A]:(00000017): RtcConnectionImpl::setConnectionState(this:0x55d08512da60, state: 2)
[08/19/24 09:34:46:120][999814][A]:(00000018): LegacyEventProxy::onConnectionStateChanged->onConnecting(this:0x55d08512c6d0, channel:"demo_channel", userId:"", reason:0)
[08/19/24 09:34:46:121][999814][A]:(00000019): IAudioFilterComposite::addAudioFilter(this:0x55d08512f460, filter: 0x55d08512f570)
[08/19/24 09:34:46:123][999812][A]:(00000020): MediaNodeFactoryImpl::createVideoEncodedImageSender(this:0x7f83c8027b00, void)
[08/19/24 09:34:46:123][999812][A]:(00000021): AgoraService::createCustomVideoTrack(this:0x7f83c80151f0, videoSource:0x55d08512fba0, ccMode:0, codec:2)
[08/19/24 09:34:46:127][999812][A]:(00000022):   VideoFrameAdapter::setOutputFormat(this:0x7f83c8056240, format:(width:640, height:360, fps:15))
[08/19/24 09:34:46:145][999812][A]:(00000023):   VideoFrameAdapter::setOutputFormat(this:0x7f83c8056240, format:(width:640, height:360, fps:15))
[08/19/24 09:34:46:145][999812][A]:(00000024): LocalUserImpl::publishAudio(this:0x7f83c80cb180, audioTrack:0x55d085126f60)
[08/19/24 09:34:46:147][999814][A]:(00000025): RtcConnectionImpl::muteLocalAudio(this:0x55d08512da60, mute:0)
[08/19/24 09:34:46:147][999814][A]:(00000026): LocalAudioTrackImpl::attach(this:0x55d085126f60, sourceId: 3147431818)
[08/19/24 09:34:46:147][999812][A]:(00000027): LocalUserImpl::publishVideo(this:0x7f83c80cb180, videoTrack:0x55d08512fe60)
[08/19/24 09:34:46:149][999814][A]:(00000028): VideoFrameAdapter::setOutputFormat(this:0x7f83c8056240, format:(width:640, height:360, fps:15))
[08/19/24 09:34:46:149][999814][A]:(00000029): RtcConnectionImpl::muteLocalVideo(this:0x55d08512da60, mute:0)
[08/19/24 09:34:46:622][999814][A]:(00000030): RtcConnectionImpl::setConnectionState(this:0x55d08512da60, state: 3)
[08/19/24 09:34:46:622][999814][A]:(00000031): LegacyEventProxy::onJoinChannelSuccess->onConnected(this:0x55d08512c6d0, channel:"demo_channel", uid:"3620339131", elapsed:505)
[08/19/24 09:34:46:622][999814][A]:(00000032):   RtcConnectionImpl::getUserInfoByUid(this:0x55d08512da60, uid:3620339131)
[08/19/24 09:34:46:622][999814][A]:(00000033):   RtcConnectionImpl::setLocalUserId(this:0x55d08512da60, userId:"3620339131")
[08/19/24 09:34:46:623][999833][A]:(00000034): AudioPcmDataSenderImpl::sendAudioPcmData(this:0x55d08512f230, audio_data:0x7f83a4b29c70, capture_timestamp:0, samples_per_channel:160, bytes_per_sample:2, number_of_channels:1, sample_rate:16000)
[08/19/24 09:34:46:633][999833][A]:(00000035): AudioPcmDataSenderImpl::sendAudioPcmData(this:0x55d08512f230, audio_data:0x7f83a4b29c70, capture_timestamp:0, samples_per_channel:160, bytes_per_sample:2, number_of_channels:1, sample_rate:16000)
[08/19/24 09:34:46:643][999833][A]:(00000036): AudioPcmDataSenderImpl::sendAudioPcmData(this:0x55d08512f230, ... (ignore to avoid too many logs))
[08/19/24 09:34:46:910][999814][A]:(00000037): AudioStreamManager::PollTrackInfoAndNotify->onLocalAudioTrackStateChanged(this:0x7f83c80e6d80, track:0x55d085126f60, state:2, error:0)
[08/19/24 09:34:49:911][999812][A]:(00000038): LocalUserImpl::unpublishAudio(this:0x7f83c80cb180, audioTrack:0x55d085126f60)
[08/19/24 09:34:49:911][999814][A]:(00000039): LocalAudioTrackImpl::detach(this:0x55d085126f60, reason: 0)
[08/19/24 09:34:49:912][999814][A]:(00000040): RtcConnectionImpl::muteLocalAudio(this:0x55d08512da60, mute:1)
[08/19/24 09:34:49:912][999812][A]:(00000041): LocalUserImpl::unpublishVideo(this:0x7f83c80cb180, videoTrack:0x55d08512fe60)
[08/19/24 09:34:49:913][999814][A]:(00000042): RtcConnectionImpl::muteLocalVideo(this:0x55d08512da60, mute:1)
[08/19/24 09:34:49:913][999812][A]:(00000043): RtcConnectionImpl::unregisterObserver(this:0x55d08512da60, observer:0x55d08512d280)
[08/19/24 09:34:49:913][999812][A]:(00000044): RtcConnectionImpl::unregisterNetworkObserver(this:0x55d08512da60, observer:0x55d08512d288)
[08/19/24 09:34:49:913][999812][A]:(00000045): RtcConnectionImpl::disconnect(this:0x55d08512da60, void)
[08/19/24 09:34:49:915][999814][A]:(00000046): RtcConnectionImpl::setConnectionState(this:0x55d08512da60, state: 1)
[08/19/24 09:34:49:915][999814][A]:(00000047): LegacyEventProxy::onConnectionStateChanged->onDisconnected(this:0x55d08512c6d0, channel:"demo_channel", userId:"3620339131", reason:5)
[08/19/24 09:34:49:916][999812][A]:(00000048): LocalUserImpl::unregisterLocalUserObserver(this:0x7f83c80cb180, observer:0x55d08512ebe0)
[08/19/24 09:34:49:916][999814][A]:(00000049): LocalVideoTrackImpl::setEnabled(this:0x55d08512fe60, enable:0)
[08/19/24 09:34:49:916][999814][A]:(00000050): LocalVideoTrackImpl::enableSimulcastStream(this:0x55d08512fe60, enabled:0, config:(dimensions:(width:160, height:120), bitrate:65))
[08/19/24 09:34:49:917][999814][A]:(00000051): RtcConnectionImpl::unsubscribeReceivePacketHandler(this:0x55d08512da60, void)
[08/19/24 09:34:49:917][999814][A]:(00000052): LocalAudioTrackPcmImpl::enableLocalPlayback(this:0x55d085126f60, enable:0)
[08/19/24 09:34:49:917][999814][A]:(00000053): IAudioFilterComposite::removeAllAudioFilters(this:0x55d08512f460, void)
[08/19/24 09:34:49:917][999814][A]:(00000054): IAudioFilterComposite::removeAllAudioFilters(this:0x7f83c810e780, void)
[08/19/24 09:34:49:917][999814][A]:(00000055): IAudioFilterComposite::removeAllAudioFilters(this:0x7f83c8118b80, void)
[08/19/24 09:34:49:917][999814][A]:(00000056): IAudioFilterComposite::removeAllAudioFilters(this:0x7f83c806ee70, void)
[08/19/24 09:34:49:917][999814][A]:(00000057): IAudioFilterComposite::removeAllAudioFilters(this:0x7f83c80d7110, void)
[08/19/24 09:34:49:917][999814][A]:(00000058): IAudioFilterComposite::removeAllAudioFilters(this:0x7f83c80d3390, void)
[08/19/24 09:34:49:918][999814][A]:(00000059): RtcConnectionImpl::stopService(this:0x55d08512da60, waitForAll:0)
[08/19/24 09:34:49:918][999812][A]:(00000060): AgoraService::release(this:0x7f83c80151f0, void)
[08/19/24 09:34:49:918][999814][A]:(00000061): IAudioFilterComposite::removeAllAudioFilters(this:0x7f83c808a9d0, void)
[08/19/24 09:34:49:918][999814][A]:(00000062): IAudioFilterComposite::removeAllAudioFilters(this:0x7f83c8083200, void)
[08/19/24 09:34:49:920][999814][A]:(00000063): AgoraService::~AgoraService(this:0x7f83c80151f0, void)
